TN:
SF:/Users/austin/Enyata/volley-frontend/src/App.vue
FNF:0
FNH:0
DA:8,1
LF:1
LH:1
BRF:0
BRH:0
end_of_record
TN:
SF:/Users/austin/Enyata/volley-frontend/src/components/Alert/Alert.vue
FN:4,(anonymous_1)
FN:5,(anonymous_3)
FN:6,(anonymous_5)
FN:7,(anonymous_7)
FN:30,(anonymous_9)
FN:33,(anonymous_10)
FN:36,(anonymous_11)
FN:39,(anonymous_12)
FN:44,(anonymous_13)
FN:46,(anonymous_14)
FN:56,(anonymous_15)
FNF:11
FNH:6
FNDA:0,(anonymous_1)
FNDA:0,(anonymous_3)
FNDA:0,(anonymous_5)
FNDA:0,(anonymous_7)
FNDA:8,(anonymous_9)
FNDA:8,(anonymous_10)
FNDA:8,(anonymous_11)
FNDA:8,(anonymous_12)
FNDA:1,(anonymous_13)
FNDA:0,(anonymous_14)
FNDA:2,(anonymous_15)
DA:1,2
DA:2,2
DA:3,2
DA:4,2
DA:5,2
DA:6,2
DA:7,2
DA:31,8
DA:34,8
DA:37,8
DA:40,8
DA:45,1
DA:46,1
DA:47,0
DA:57,2
LF:15
LH:14
BRDA:34,0,0,8
BRDA:34,0,1,0
BRDA:45,1,0,1
BRDA:45,1,1,0
BRF:4
BRH:2
end_of_record
TN:
SF:/Users/austin/Enyata/volley-frontend/src/components/Button/Button.vue
FN:6,(anonymous_1)
FN:13,(anonymous_2)
FN:19,(anonymous_3)
FNF:3
FNH:3
FNDA:11,(anonymous_1)
FNDA:11,(anonymous_2)
FNDA:2,(anonymous_3)
DA:7,11
DA:14,11
DA:20,2
LF:3
LH:3
BRF:0
BRH:0
end_of_record
TN:
SF:/Users/austin/Enyata/volley-frontend/src/components/Checkbox/Checkbox.vue
FN:32,(anonymous_1)
FN:36,(anonymous_2)
FNF:2
FNH:2
FNDA:2,(anonymous_1)
FNDA:1,(anonymous_2)
DA:3,2
DA:4,2
DA:33,2
DA:34,2
DA:37,1
LF:5
LH:5
BRF:0
BRH:0
end_of_record
TN:
SF:/Users/austin/Enyata/volley-frontend/src/components/DashboardHeader/DashboardHeader.vue
FN:12,(anonymous_1)
FNF:1
FNH:1
FNDA:1,(anonymous_1)
DA:1,1
DA:2,1
DA:13,1
DA:14,1
LF:4
LH:4
BRF:0
BRH:0
end_of_record
TN:
SF:/Users/austin/Enyata/volley-frontend/src/components/DefaultCheckbox/DCheckbox.vue
FNF:0
FNH:0
DA:1,1
DA:2,1
DA:3,1
LF:3
LH:3
BRF:0
BRH:0
end_of_record
TN:
SF:/Users/austin/Enyata/volley-frontend/src/components/DropdownCheckbox/DropdownCheckbox.vue
FN:4,(anonymous_1)
FN:16,(anonymous_2)
FNF:2
FNH:2
FNDA:1,(anonymous_1)
FNDA:1,(anonymous_2)
DA:1,1
DA:5,1
DA:17,1
LF:3
LH:3
BRF:0
BRH:0
end_of_record
TN:
SF:/Users/austin/Enyata/volley-frontend/src/components/Header/search/Header.vue
FN:48,(anonymous_1)
FN:52,(anonymous_2)
FNF:2
FNH:2
FNDA:1,(anonymous_1)
FNDA:1,(anonymous_2)
DA:34,4
DA:35,4
DA:36,4
DA:49,1
DA:50,1
DA:53,1
DA:54,1
LF:7
LH:7
BRF:0
BRH:0
end_of_record
TN:
SF:/Users/austin/Enyata/volley-frontend/src/components/Header/searchResult/Header.vue
FN:48,(anonymous_1)
FN:52,(anonymous_2)
FNF:2
FNH:2
FNDA:1,(anonymous_1)
FNDA:1,(anonymous_2)
DA:36,1
DA:37,1
DA:49,1
DA:50,1
DA:53,1
DA:54,1
LF:6
LH:6
BRF:0
BRH:0
end_of_record
TN:
SF:/Users/austin/Enyata/volley-frontend/src/components/Input/InputWrapper/InputWrapper.vue
FN:16,(anonymous_1)
FN:22,(anonymous_2)
FNF:2
FNH:2
FNDA:5,(anonymous_1)
FNDA:5,(anonymous_2)
DA:1,6
DA:2,6
DA:3,6
DA:17,5
LF:4
LH:4
BRF:0
BRH:0
end_of_record
TN:
SF:/Users/austin/Enyata/volley-frontend/src/components/Input/PasswordInput/PasswordInput.vue
FN:9,(anonymous_1)
FNF:1
FNH:1
FNDA:1,(anonymous_1)
DA:1,2
DA:2,2
DA:10,1
LF:3
LH:3
BRF:0
BRH:0
end_of_record
TN:
SF:/Users/austin/Enyata/volley-frontend/src/components/Input/TextInput/TextInput.vue
FNF:0
FNH:0
DA:1,5
DA:2,5
LF:2
LH:2
BRF:0
BRH:0
end_of_record
TN:
SF:/Users/austin/Enyata/volley-frontend/src/components/Modal/Modal.vue
FN:26,(anonymous_1)
FN:33,(anonymous_2)
FN:36,(anonymous_3)
FNF:3
FNH:3
FNDA:6,(anonymous_1)
FNDA:2,(anonymous_2)
FNDA:1,(anonymous_3)
DA:27,6
DA:34,2
DA:37,1
LF:3
LH:3
BRF:0
BRH:0
end_of_record
TN:
SF:/Users/austin/Enyata/volley-frontend/src/components/RadioButton/RadioButton.vue
FN:14,(anonymous_1)
FN:18,(anonymous_2)
FN:22,(anonymous_3)
FN:28,(anonymous_4)
FNF:4
FNH:0
FNDA:0,(anonymous_1)
FNDA:0,(anonymous_2)
FNDA:0,(anonymous_3)
FNDA:0,(anonymous_4)
DA:2,1
DA:14,0
DA:19,0
DA:20,0
DA:23,0
DA:24,0
DA:29,0
DA:30,0
LF:8
LH:1
BRDA:23,0,0,0
BRDA:23,0,1,0
BRDA:29,1,0,0
BRDA:29,1,1,0
BRF:4
BRH:0
end_of_record
TN:
SF:/Users/austin/Enyata/volley-frontend/src/components/SideBar/SideBar.vue
FN:48,(anonymous_1)
FN:53,(anonymous_2)
FN:57,(anonymous_3)
FNF:3
FNH:0
FNDA:0,(anonymous_1)
FNDA:0,(anonymous_2)
FNDA:0,(anonymous_3)
DA:49,0
DA:54,0
DA:58,0
LF:3
LH:0
BRF:0
BRH:0
end_of_record
TN:
SF:/Users/austin/Enyata/volley-frontend/src/components/Table/Table.vue
FN:11,(anonymous_1)
FN:21,(anonymous_2)
FN:28,(anonymous_3)
FN:33,(anonymous_4)
FN:38,(anonymous_5)
FN:41,(anonymous_6)
FNF:6
FNH:1
FNDA:1,(anonymous_1)
FNDA:0,(anonymous_2)
FNDA:0,(anonymous_3)
FNDA:0,(anonymous_4)
FNDA:0,(anonymous_5)
FNDA:0,(anonymous_6)
DA:1,3
DA:11,1
DA:22,0
DA:29,0
DA:34,0
DA:36,0
DA:37,0
DA:38,0
DA:39,0
DA:41,0
DA:42,0
LF:11
LH:2
BRDA:34,0,0,0
BRDA:34,0,1,0
BRDA:36,1,0,0
BRDA:36,1,1,0
BRDA:37,2,0,0
BRDA:37,2,1,0
BRDA:38,3,0,0
BRDA:38,3,1,0
BRDA:41,4,0,0
BRDA:41,4,1,0
BRF:10
BRH:0
end_of_record
TN:
SF:/Users/austin/Enyata/volley-frontend/src/components/Tabs/Tab.vue
FN:27,(anonymous_1)
FN:34,(anonymous_2)
FN:41,(anonymous_3)
FN:47,(anonymous_4)
FNF:4
FNH:4
FNDA:2,(anonymous_1)
FNDA:1,(anonymous_2)
FNDA:1,(anonymous_3)
FNDA:2,(anonymous_4)
DA:28,2
DA:35,1
DA:42,1
DA:43,1
DA:48,2
DA:49,2
LF:6
LH:6
BRDA:42,0,0,1
BRDA:42,0,1,0
BRF:2
BRH:1
end_of_record
TN:
SF:/Users/austin/Enyata/volley-frontend/src/components/Tabs/Tabs.vue
FN:2,(anonymous_1)
FN:7,(anonymous_2)
FN:11,(anonymous_3)
FN:12,(anonymous_4)
FNF:4
FNH:2
FNDA:1,(anonymous_1)
FNDA:1,(anonymous_2)
FNDA:0,(anonymous_3)
FNDA:0,(anonymous_4)
DA:3,1
DA:8,1
DA:12,0
DA:13,0
LF:4
LH:2
BRF:0
BRH:0
end_of_record
TN:
SF:/Users/austin/Enyata/volley-frontend/src/components/Tag/Tag.vue
FN:9,(anonymous_1)
FN:14,(anonymous_2)
FNF:2
FNH:1
FNDA:0,(anonymous_1)
FNDA:1,(anonymous_2)
DA:10,0
DA:15,1
LF:2
LH:1
BRF:0
BRH:0
end_of_record
TN:
SF:/Users/austin/Enyata/volley-frontend/src/components/Toggle/Toggle.vue
FN:10,(anonymous_1)
FN:14,(anonymous_2)
FN:20,(anonymous_3)
FNF:3
FNH:0
FNDA:0,(anonymous_1)
FNDA:0,(anonymous_2)
FNDA:0,(anonymous_3)
DA:11,0
DA:15,0
DA:21,0
LF:3
LH:0
BRF:0
BRH:0
end_of_record
TN:
SF:/Users/austin/Enyata/volley-frontend/src/components/ToggleDropdown/ToggleDropdown.vue
FN:3,(anonymous_1)
FN:24,(anonymous_2)
FN:29,(anonymous_3)
FN:30,(anonymous_4)
FN:33,(anonymous_5)
FN:34,(anonymous_6)
FN:41,(anonymous_7)
FN:42,(anonymous_8)
FNF:8
FNH:2
FNDA:2,(anonymous_1)
FNDA:1,(anonymous_2)
FNDA:0,(anonymous_3)
FNDA:0,(anonymous_4)
FNDA:0,(anonymous_5)
FNDA:0,(anonymous_6)
FNDA:0,(anonymous_7)
FNDA:0,(anonymous_8)
DA:4,2
DA:25,1
DA:30,0
DA:31,0
DA:32,0
DA:33,0
DA:34,0
DA:35,0
DA:39,0
DA:40,0
DA:41,0
DA:42,0
DA:43,0
DA:46,0
LF:14
LH:2
BRDA:32,0,0,0
BRDA:32,0,1,0
BRDA:40,1,0,0
BRDA:40,1,1,0
BRF:4
BRH:0
end_of_record
TN:
SF:/Users/austin/Enyata/volley-frontend/src/views/NotFound.vue
FNF:0
FNH:0
DA:15,0
LF:1
LH:0
BRF:0
BRH:0
end_of_record
TN:
SF:/Users/austin/Enyata/volley-frontend/src/views/Bookmarks/Bookmarks.vue
FN:20,(anonymous_1)
FN:27,(anonymous_2)
FN:31,(anonymous_3)
FN:40,(anonymous_4)
FN:49,(anonymous_5)
FN:69,(anonymous_6)
FN:79,(anonymous_7)
FN:100,(anonymous_8)
FN:108,(anonymous_9)
FN:122,(anonymous_10)
FNF:10
FNH:0
FNDA:0,(anonymous_1)
FNDA:0,(anonymous_2)
FNDA:0,(anonymous_3)
FNDA:0,(anonymous_4)
FNDA:0,(anonymous_5)
FNDA:0,(anonymous_6)
FNDA:0,(anonymous_7)
FNDA:0,(anonymous_8)
FNDA:0,(anonymous_9)
FNDA:0,(anonymous_10)
DA:1,0
DA:2,0
DA:3,0
DA:4,0
DA:5,0
DA:6,0
DA:7,0
DA:8,0
DA:21,0
DA:28,0
DA:32,0
DA:41,0
DA:42,0
DA:43,0
DA:45,0
DA:50,0
DA:55,0
DA:56,0
DA:57,0
DA:58,0
DA:59,0
DA:62,0
DA:63,0
DA:64,0
DA:67,0
DA:70,0
DA:71,0
DA:72,0
DA:73,0
DA:74,0
DA:77,0
DA:80,0
DA:81,0
DA:82,0
DA:83,0
DA:84,0
DA:87,0
DA:101,0
DA:105,0
DA:106,0
DA:109,0
DA:110,0
DA:111,0
DA:112,0
DA:113,0
DA:114,0
DA:117,0
DA:119,0
DA:123,0
DA:124,0
DA:127,0
DA:128,0
LF:52
LH:0
BRDA:41,0,0,0
BRDA:41,0,1,0
BRDA:55,1,0,0
BRDA:55,1,1,0
BRDA:57,2,0,0
BRDA:57,2,1,0
BRDA:57,3,0,0
BRDA:57,3,1,0
BRDA:62,4,0,0
BRDA:62,4,1,0
BRDA:62,5,0,0
BRDA:62,5,1,0
BRDA:71,6,0,0
BRDA:71,6,1,0
BRDA:73,7,0,0
BRDA:73,7,1,0
BRDA:73,8,0,0
BRDA:73,8,1,0
BRDA:81,9,0,0
BRDA:81,9,1,0
BRDA:83,10,0,0
BRDA:83,10,1,0
BRDA:83,11,0,0
BRDA:83,11,1,0
BRDA:113,12,0,0
BRDA:113,12,1,0
BRDA:113,13,0,0
BRDA:113,13,1,0
BRF:28
BRH:0
end_of_record
TN:
SF:/Users/austin/Enyata/volley-frontend/src/views/ContactResearch/ContactResearch.vue
FN:33,(anonymous_1)
FN:145,(anonymous_2)
FN:149,(anonymous_3)
FN:166,(anonymous_4)
FN:171,(anonymous_5)
FN:177,(anonymous_6)
FN:181,(anonymous_7)
FN:202,(anonymous_8)
FN:222,(anonymous_9)
FN:239,(anonymous_10)
FN:250,(anonymous_11)
FN:268,(anonymous_12)
FN:270,(anonymous_13)
FN:281,(anonymous_14)
FN:285,(anonymous_15)
FN:307,(anonymous_16)
FN:311,(anonymous_17)
FN:332,(anonymous_18)
FN:352,(anonymous_19)
FN:353,(anonymous_20)
FN:360,(anonymous_21)
FN:366,(anonymous_22)
FN:369,(anonymous_23)
FN:395,(anonymous_24)
FN:428,(anonymous_25)
FN:431,(anonymous_26)
FN:434,(anonymous_27)
FN:459,(anonymous_28)
FN:460,(anonymous_29)
FN:467,(anonymous_30)
FN:470,(anonymous_31)
FN:475,(anonymous_32)
FN:479,(anonymous_33)
FN:482,(anonymous_34)
FN:485,(anonymous_35)
FN:486,(anonymous_36)
FN:498,(anonymous_37)
FN:504,(anonymous_38)
FN:506,(anonymous_39)
FN:512,(anonymous_40)
FN:522,(anonymous_41)
FN:528,(anonymous_42)
FN:530,(anonymous_43)
FN:536,(anonymous_44)
FN:548,(anonymous_45)
FN:554,(anonymous_46)
FNF:46
FNH:0
FNDA:0,(anonymous_1)
FNDA:0,(anonymous_2)
FNDA:0,(anonymous_3)
FNDA:0,(anonymous_4)
FNDA:0,(anonymous_5)
FNDA:0,(anonymous_6)
FNDA:0,(anonymous_7)
FNDA:0,(anonymous_8)
FNDA:0,(anonymous_9)
FNDA:0,(anonymous_10)
FNDA:0,(anonymous_11)
FNDA:0,(anonymous_12)
FNDA:0,(anonymous_13)
FNDA:0,(anonymous_14)
FNDA:0,(anonymous_15)
FNDA:0,(anonymous_16)
FNDA:0,(anonymous_17)
FNDA:0,(anonymous_18)
FNDA:0,(anonymous_19)
FNDA:0,(anonymous_20)
FNDA:0,(anonymous_21)
FNDA:0,(anonymous_22)
FNDA:0,(anonymous_23)
FNDA:0,(anonymous_24)
FNDA:0,(anonymous_25)
FNDA:0,(anonymous_26)
FNDA:0,(anonymous_27)
FNDA:0,(anonymous_28)
FNDA:0,(anonymous_29)
FNDA:0,(anonymous_30)
FNDA:0,(anonymous_31)
FNDA:0,(anonymous_32)
FNDA:0,(anonymous_33)
FNDA:0,(anonymous_34)
FNDA:0,(anonymous_35)
FNDA:0,(anonymous_36)
FNDA:0,(anonymous_37)
FNDA:0,(anonymous_38)
FNDA:0,(anonymous_39)
FNDA:0,(anonymous_40)
FNDA:0,(anonymous_41)
FNDA:0,(anonymous_42)
FNDA:0,(anonymous_43)
FNDA:0,(anonymous_44)
FNDA:0,(anonymous_45)
FNDA:0,(anonymous_46)
DA:1,0
DA:2,0
DA:3,0
DA:4,0
DA:5,0
DA:6,0
DA:7,0
DA:8,0
DA:9,0
DA:10,0
DA:11,0
DA:12,0
DA:13,0
DA:14,0
DA:15,0
DA:34,0
DA:146,0
DA:147,0
DA:150,0
DA:167,0
DA:168,0
DA:170,0
DA:171,0
DA:172,0
DA:173,0
DA:178,0
DA:179,0
DA:182,0
DA:183,0
DA:184,0
DA:185,0
DA:186,0
DA:187,0
DA:188,0
DA:195,0
DA:203,0
DA:205,0
DA:206,0
DA:208,0
DA:209,0
DA:210,0
DA:212,0
DA:213,0
DA:216,0
DA:219,0
DA:223,0
DA:224,0
DA:229,0
DA:231,0
DA:232,0
DA:237,0
DA:239,0
DA:240,0
DA:241,0
DA:242,0
DA:244,0
DA:246,0
DA:247,0
DA:248,0
DA:251,0
DA:252,0
DA:253,0
DA:254,0
DA:255,0
DA:256,0
DA:257,0
DA:259,0
DA:265,0
DA:269,0
DA:270,0
DA:271,0
DA:272,0
DA:273,0
DA:275,0
DA:278,0
DA:282,0
DA:283,0
DA:286,0
DA:287,0
DA:288,0
DA:289,0
DA:290,0
DA:292,0
DA:293,0
DA:294,0
DA:295,0
DA:296,0
DA:298,0
DA:304,0
DA:308,0
DA:309,0
DA:310,0
DA:311,0
DA:312,0
DA:313,0
DA:314,0
DA:316,0
DA:318,0
DA:320,0
DA:321,0
DA:323,0
DA:325,0
DA:333,0
DA:334,0
DA:335,0
DA:336,0
DA:337,0
DA:338,0
DA:339,0
DA:340,0
DA:341,0
DA:343,0
DA:349,0
DA:353,0
DA:354,0
DA:356,0
DA:357,0
DA:361,0
DA:362,0
DA:367,0
DA:370,0
DA:371,0
DA:372,0
DA:373,0
DA:374,0
DA:375,0
DA:376,0
DA:377,0
DA:378,0
DA:380,0
DA:383,0
DA:384,0
DA:385,0
DA:386,0
DA:387,0
DA:388,0
DA:389,0
DA:391,0
DA:396,0
DA:397,0
DA:398,0
DA:399,0
DA:400,0
DA:402,0
DA:403,0
DA:404,0
DA:405,0
DA:406,0
DA:408,0
DA:409,0
DA:412,0
DA:413,0
DA:414,0
DA:415,0
DA:417,0
DA:418,0
DA:419,0
DA:420,0
DA:421,0
DA:423,0
DA:424,0
DA:429,0
DA:432,0
DA:435,0
DA:436,0
DA:437,0
DA:438,0
DA:439,0
DA:440,0
DA:441,0
DA:442,0
DA:444,0
DA:450,0
DA:456,0
DA:460,0
DA:461,0
DA:462,0
DA:464,0
DA:468,0
DA:471,0
DA:472,0
DA:473,0
DA:476,0
DA:477,0
DA:480,0
DA:483,0
DA:487,0
DA:489,0
DA:490,0
DA:492,0
DA:493,0
DA:499,0
DA:500,0
DA:501,0
DA:505,0
DA:506,0
DA:507,0
DA:508,0
DA:510,0
DA:512,0
DA:513,0
DA:514,0
DA:515,0
DA:516,0
DA:518,0
DA:519,0
DA:523,0
DA:524,0
DA:525,0
DA:529,0
DA:530,0
DA:531,0
DA:532,0
DA:534,0
DA:536,0
DA:537,0
DA:538,0
DA:539,0
DA:540,0
DA:542,0
DA:543,0
DA:549,0
DA:555,0
LF:223
LH:0
BRDA:167,0,0,0
BRDA:167,0,1,0
BRDA:185,1,0,0
BRDA:185,1,1,0
BRDA:185,2,0,0
BRDA:185,2,1,0
BRDA:223,3,0,0
BRDA:223,3,1,0
BRDA:231,4,0,0
BRDA:231,4,1,0
BRDA:269,5,0,0
BRDA:269,5,1,0
BRDA:271,6,0,0
BRDA:271,6,1,0
BRDA:271,7,0,0
BRDA:271,7,1,0
BRDA:310,8,0,0
BRDA:310,8,1,0
BRDA:312,9,0,0
BRDA:312,9,1,0
BRDA:320,10,0,0
BRDA:320,10,1,0
BRDA:354,11,0,0
BRDA:354,11,1,0
BRDA:356,12,0,0
BRDA:356,12,1,0
BRDA:361,13,0,0
BRDA:361,13,1,0
BRDA:361,14,0,0
BRDA:361,14,1,0
BRDA:371,15,0,0
BRDA:371,15,1,0
BRDA:374,16,0,0
BRDA:374,16,1,0
BRDA:375,17,0,0
BRDA:375,17,1,0
BRDA:385,18,0,0
BRDA:385,18,1,0
BRDA:386,19,0,0
BRDA:386,19,1,0
BRDA:396,20,0,0
BRDA:396,20,1,0
BRDA:398,21,0,0
BRDA:398,21,1,0
BRDA:399,22,0,0
BRDA:399,22,1,0
BRDA:399,23,0,0
BRDA:399,23,1,0
BRDA:402,24,0,0
BRDA:402,24,1,0
BRDA:402,25,0,0
BRDA:402,25,1,0
BRDA:413,26,0,0
BRDA:413,26,1,0
BRDA:414,27,0,0
BRDA:414,27,1,0
BRDA:414,28,0,0
BRDA:414,28,1,0
BRDA:417,29,0,0
BRDA:417,29,1,0
BRDA:417,30,0,0
BRDA:417,30,1,0
BRDA:438,31,0,0
BRDA:438,31,1,0
BRDA:461,32,0,0
BRDA:461,32,1,0
BRDA:488,33,0,0
BRDA:488,33,1,0
BRDA:499,34,0,0
BRDA:499,34,1,0
BRDA:499,35,0,0
BRDA:499,35,1,0
BRDA:505,36,0,0
BRDA:505,36,1,0
BRDA:513,37,0,0
BRDA:513,37,1,0
BRDA:523,38,0,0
BRDA:523,38,1,0
BRDA:523,39,0,0
BRDA:523,39,1,0
BRDA:529,40,0,0
BRDA:529,40,1,0
BRDA:537,41,0,0
BRDA:537,41,1,0
BRDA:549,42,0,0
BRDA:549,42,1,0
BRF:86
BRH:0
end_of_record
TN:
SF:/Users/austin/Enyata/volley-frontend/src/views/Dashboard/Index.vue
FNF:0
FNH:0
DA:12,0
DA:13,0
LF:2
LH:0
BRF:0
BRH:0
end_of_record
TN:
SF:/Users/austin/Enyata/volley-frontend/src/views/Dashboard/Admin/Admin.vue
FN:18,(anonymous_1)
FN:170,(anonymous_2)
FN:184,(anonymous_3)
FN:198,(anonymous_4)
FN:226,(anonymous_5)
FN:231,(anonymous_6)
FN:237,(anonymous_7)
FN:241,(anonymous_8)
FN:246,(anonymous_9)
FN:252,(anonymous_10)
FN:257,(anonymous_11)
FN:263,(anonymous_12)
FN:268,(anonymous_13)
FN:274,(anonymous_14)
FN:279,(anonymous_15)
FN:285,(anonymous_16)
FN:291,(anonymous_17)
FN:295,(anonymous_18)
FN:297,(anonymous_19)
FN:308,(anonymous_20)
FN:311,(anonymous_21)
FN:316,(anonymous_22)
FN:341,(anonymous_23)
FN:346,(anonymous_24)
FN:371,(anonymous_25)
FN:376,(anonymous_26)
FN:401,(anonymous_27)
FN:440,(anonymous_28)
FN:463,(anonymous_29)
FNF:29
FNH:4
FNDA:1,(anonymous_1)
FNDA:1,(anonymous_2)
FNDA:2,(anonymous_3)
FNDA:0,(anonymous_4)
FNDA:0,(anonymous_5)
FNDA:0,(anonymous_6)
FNDA:0,(anonymous_7)
FNDA:0,(anonymous_8)
FNDA:0,(anonymous_9)
FNDA:0,(anonymous_10)
FNDA:0,(anonymous_11)
FNDA:0,(anonymous_12)
FNDA:0,(anonymous_13)
FNDA:0,(anonymous_14)
FNDA:0,(anonymous_15)
FNDA:0,(anonymous_16)
FNDA:0,(anonymous_17)
FNDA:0,(anonymous_18)
FNDA:0,(anonymous_19)
FNDA:0,(anonymous_20)
FNDA:0,(anonymous_21)
FNDA:0,(anonymous_22)
FNDA:0,(anonymous_23)
FNDA:0,(anonymous_24)
FNDA:0,(anonymous_25)
FNDA:0,(anonymous_26)
FNDA:0,(anonymous_27)
FNDA:0,(anonymous_28)
FNDA:1,(anonymous_29)
DA:1,1
DA:2,1
DA:3,1
DA:4,1
DA:5,1
DA:6,1
DA:7,1
DA:8,1
DA:9,1
DA:10,1
DA:11,1
DA:12,1
DA:13,1
DA:19,1
DA:171,1
DA:185,2
DA:186,2
DA:187,2
DA:188,2
DA:189,2
DA:190,2
DA:193,2
DA:195,2
DA:199,0
DA:200,0
DA:201,0
DA:202,0
DA:204,0
DA:205,0
DA:206,0
DA:207,0
DA:212,0
DA:213,0
DA:214,0
DA:217,0
DA:223,0
DA:227,0
DA:228,0
DA:230,0
DA:231,0
DA:232,0
DA:233,0
DA:238,0
DA:239,0
DA:242,0
DA:243,0
DA:245,0
DA:246,0
DA:247,0
DA:248,0
DA:253,0
DA:254,0
DA:256,0
DA:257,0
DA:258,0
DA:259,0
DA:264,0
DA:265,0
DA:267,0
DA:268,0
DA:269,0
DA:270,0
DA:275,0
DA:276,0
DA:278,0
DA:279,0
DA:280,0
DA:281,0
DA:286,0
DA:287,0
DA:288,0
DA:292,0
DA:293,0
DA:296,0
DA:297,0
DA:298,0
DA:299,0
DA:300,0
DA:302,0
DA:305,0
DA:309,0
DA:312,0
DA:313,0
DA:314,0
DA:317,0
DA:318,0
DA:319,0
DA:320,0
DA:321,0
DA:322,0
DA:323,0
DA:324,0
DA:325,0
DA:332,0
DA:338,0
DA:342,0
DA:343,0
DA:344,0
DA:347,0
DA:348,0
DA:349,0
DA:350,0
DA:351,0
DA:352,0
DA:353,0
DA:354,0
DA:355,0
DA:362,0
DA:368,0
DA:372,0
DA:373,0
DA:374,0
DA:377,0
DA:378,0
DA:379,0
DA:380,0
DA:381,0
DA:382,0
DA:383,0
DA:384,0
DA:385,0
DA:392,0
DA:398,0
DA:402,0
DA:403,0
DA:404,0
DA:405,0
DA:409,0
DA:410,0
DA:411,0
DA:412,0
DA:413,0
DA:420,0
DA:426,0
DA:441,0
DA:442,0
DA:443,0
DA:444,0
DA:445,0
DA:447,0
DA:454,0
DA:456,0
DA:464,1
DA:465,1
LF:144
LH:25
BRDA:189,0,0,2
BRDA:189,0,1,0
BRDA:189,1,0,2
BRDA:189,1,1,2
BRDA:200,2,0,0
BRDA:200,2,1,0
BRDA:206,3,0,0
BRDA:206,3,1,0
BRDA:227,4,0,0
BRDA:227,4,1,0
BRDA:242,5,0,0
BRDA:242,5,1,0
BRDA:253,6,0,0
BRDA:253,6,1,0
BRDA:264,7,0,0
BRDA:264,7,1,0
BRDA:275,8,0,0
BRDA:275,8,1,0
BRDA:286,9,0,0
BRDA:286,9,1,0
BRDA:296,10,0,0
BRDA:296,10,1,0
BRDA:298,11,0,0
BRDA:298,11,1,0
BRDA:298,12,0,0
BRDA:298,12,1,0
BRDA:321,13,0,0
BRDA:321,13,1,0
BRDA:321,14,0,0
BRDA:321,14,1,0
BRDA:351,15,0,0
BRDA:351,15,1,0
BRDA:351,16,0,0
BRDA:351,16,1,0
BRDA:381,17,0,0
BRDA:381,17,1,0
BRDA:381,18,0,0
BRDA:381,18,1,0
BRDA:410,19,0,0
BRDA:410,19,1,0
BRDA:410,20,0,0
BRDA:410,20,1,0
BRDA:444,21,0,0
BRDA:444,21,1,0
BRDA:464,22,0,1
BRDA:464,22,1,0
BRDA:464,23,0,1
BRDA:464,23,1,0
BRF:48
BRH:5
end_of_record
TN:
SF:/Users/austin/Enyata/volley-frontend/src/views/Dashboard/User/User.vue
FN:19,(anonymous_1)
FN:123,(anonymous_2)
FN:126,(anonymous_3)
FN:151,(anonymous_4)
FN:156,(anonymous_5)
FN:162,(anonymous_6)
FN:184,(anonymous_7)
FN:189,(anonymous_8)
FN:195,(anonymous_9)
FN:210,(anonymous_10)
FN:212,(anonymous_11)
FN:223,(anonymous_12)
FN:226,(anonymous_13)
FN:243,(anonymous_14)
FN:254,(anonymous_15)
FN:272,(anonymous_16)
FN:291,(anonymous_17)
FN:315,(anonymous_18)
FN:319,(anonymous_19)
FN:324,(anonymous_20)
FN:325,(anonymous_21)
FN:332,(anonymous_22)
FN:336,(anonymous_23)
FN:357,(anonymous_24)
FN:370,(anonymous_25)
FN:401,(anonymous_26)
FNF:26
FNH:2
FNDA:1,(anonymous_1)
FNDA:0,(anonymous_2)
FNDA:0,(anonymous_3)
FNDA:0,(anonymous_4)
FNDA:0,(anonymous_5)
FNDA:0,(anonymous_6)
FNDA:0,(anonymous_7)
FNDA:0,(anonymous_8)
FNDA:0,(anonymous_9)
FNDA:0,(anonymous_10)
FNDA:0,(anonymous_11)
FNDA:0,(anonymous_12)
FNDA:0,(anonymous_13)
FNDA:0,(anonymous_14)
FNDA:0,(anonymous_15)
FNDA:0,(anonymous_16)
FNDA:0,(anonymous_17)
FNDA:0,(anonymous_18)
FNDA:0,(anonymous_19)
FNDA:0,(anonymous_20)
FNDA:0,(anonymous_21)
FNDA:0,(anonymous_22)
FNDA:0,(anonymous_23)
FNDA:0,(anonymous_24)
FNDA:0,(anonymous_25)
FNDA:1,(anonymous_26)
DA:1,1
DA:2,1
DA:3,1
DA:4,1
DA:5,1
DA:6,1
DA:8,1
DA:9,1
DA:10,1
DA:11,1
DA:12,1
DA:13,1
DA:14,1
DA:15,1
DA:20,1
DA:124,0
DA:127,0
DA:128,0
DA:129,0
DA:130,0
DA:131,0
DA:134,0
DA:135,0
DA:137,0
DA:138,0
DA:142,0
DA:148,0
DA:152,0
DA:153,0
DA:155,0
DA:156,0
DA:157,0
DA:158,0
DA:163,0
DA:164,0
DA:165,0
DA:166,0
DA:167,0
DA:172,0
DA:175,0
DA:181,0
DA:185,0
DA:186,0
DA:188,0
DA:189,0
DA:190,0
DA:191,0
DA:196,0
DA:198,0
DA:199,0
DA:201,0
DA:202,0
DA:203,0
DA:205,0
DA:206,0
DA:207,0
DA:211,0
DA:212,0
DA:213,0
DA:214,0
DA:215,0
DA:217,0
DA:220,0
DA:224,0
DA:227,0
DA:228,0
DA:233,0
DA:235,0
DA:236,0
DA:241,0
DA:243,0
DA:244,0
DA:245,0
DA:246,0
DA:248,0
DA:250,0
DA:251,0
DA:252,0
DA:255,0
DA:257,0
DA:258,0
DA:260,0
DA:261,0
DA:262,0
DA:264,0
DA:265,0
DA:268,0
DA:270,0
DA:273,0
DA:274,0
DA:275,0
DA:276,0
DA:277,0
DA:278,0
DA:279,0
DA:280,0
DA:282,0
DA:288,0
DA:292,0
DA:293,0
DA:294,0
DA:295,0
DA:296,0
DA:297,0
DA:298,0
DA:299,0
DA:300,0
DA:301,0
DA:302,0
DA:303,0
DA:306,0
DA:312,0
DA:316,0
DA:317,0
DA:320,0
DA:321,0
DA:325,0
DA:326,0
DA:328,0
DA:329,0
DA:333,0
DA:334,0
DA:335,0
DA:336,0
DA:337,0
DA:338,0
DA:339,0
DA:341,0
DA:343,0
DA:345,0
DA:346,0
DA:348,0
DA:350,0
DA:358,0
DA:359,0
DA:360,0
DA:361,0
DA:362,0
DA:365,0
DA:367,0
DA:371,0
DA:372,0
DA:373,0
DA:374,0
DA:378,0
DA:379,0
DA:380,0
DA:381,0
DA:382,0
DA:383,0
DA:390,0
DA:391,0
DA:397,0
DA:402,1
DA:403,0
LF:155
LH:16
BRDA:130,0,0,0
BRDA:130,0,1,0
BRDA:130,1,0,0
BRDA:130,1,1,0
BRDA:134,2,0,0
BRDA:134,2,1,0
BRDA:137,3,0,0
BRDA:137,3,1,0
BRDA:152,4,0,0
BRDA:152,4,1,0
BRDA:166,5,0,0
BRDA:166,5,1,0
BRDA:166,6,0,0
BRDA:166,6,1,0
BRDA:185,7,0,0
BRDA:185,7,1,0
BRDA:197,8,0,0
BRDA:197,8,1,0
BRDA:197,8,2,0
BRDA:211,9,0,0
BRDA:211,9,1,0
BRDA:213,10,0,0
BRDA:213,10,1,0
BRDA:213,11,0,0
BRDA:213,11,1,0
BRDA:227,12,0,0
BRDA:227,12,1,0
BRDA:235,13,0,0
BRDA:235,13,1,0
BRDA:296,14,0,0
BRDA:296,14,1,0
BRDA:296,15,0,0
BRDA:296,15,1,0
BRDA:320,16,0,0
BRDA:320,16,1,0
BRDA:320,17,0,0
BRDA:320,17,1,0
BRDA:326,18,0,0
BRDA:326,18,1,0
BRDA:328,19,0,0
BRDA:328,19,1,0
BRDA:335,20,0,0
BRDA:335,20,1,0
BRDA:337,21,0,0
BRDA:337,21,1,0
BRDA:345,22,0,0
BRDA:345,22,1,0
BRDA:361,23,0,0
BRDA:361,23,1,0
BRDA:361,24,0,0
BRDA:361,24,1,0
BRDA:379,25,0,0
BRDA:379,25,1,0
BRDA:379,26,0,0
BRDA:379,26,1,0
BRF:55
BRH:0
end_of_record
TN:
SF:/Users/austin/Enyata/volley-frontend/src/views/Dashboard/Users/Users.vue
FN:18,(anonymous_1)
FN:242,(anonymous_2)
FN:258,(anonymous_3)
FN:276,(anonymous_4)
FN:280,(anonymous_5)
FN:302,(anonymous_6)
FN:307,(anonymous_7)
FN:313,(anonymous_8)
FN:318,(anonymous_9)
FN:324,(anonymous_10)
FN:329,(anonymous_11)
FN:335,(anonymous_12)
FN:340,(anonymous_13)
FN:346,(anonymous_14)
FN:351,(anonymous_15)
FN:357,(anonymous_16)
FN:362,(anonymous_17)
FN:368,(anonymous_18)
FN:371,(anonymous_19)
FN:375,(anonymous_20)
FN:403,(anonymous_21)
FN:405,(anonymous_22)
FN:416,(anonymous_23)
FN:422,(anonymous_24)
FN:447,(anonymous_25)
FN:452,(anonymous_26)
FN:477,(anonymous_27)
FN:482,(anonymous_28)
FN:508,(anonymous_29)
FN:522,(anonymous_30)
FN:548,(anonymous_31)
FNF:31
FNH:4
FNDA:1,(anonymous_1)
FNDA:1,(anonymous_2)
FNDA:2,(anonymous_3)
FNDA:0,(anonymous_4)
FNDA:0,(anonymous_5)
FNDA:0,(anonymous_6)
FNDA:0,(anonymous_7)
FNDA:0,(anonymous_8)
FNDA:0,(anonymous_9)
FNDA:0,(anonymous_10)
FNDA:0,(anonymous_11)
FNDA:0,(anonymous_12)
FNDA:0,(anonymous_13)
FNDA:0,(anonymous_14)
FNDA:0,(anonymous_15)
FNDA:0,(anonymous_16)
FNDA:0,(anonymous_17)
FNDA:0,(anonymous_18)
FNDA:0,(anonymous_19)
FNDA:0,(anonymous_20)
FNDA:0,(anonymous_21)
FNDA:0,(anonymous_22)
FNDA:0,(anonymous_23)
FNDA:0,(anonymous_24)
FNDA:0,(anonymous_25)
FNDA:0,(anonymous_26)
FNDA:0,(anonymous_27)
FNDA:0,(anonymous_28)
FNDA:0,(anonymous_29)
FNDA:0,(anonymous_30)
FNDA:1,(anonymous_31)
DA:1,1
DA:2,1
DA:3,1
DA:4,1
DA:5,1
DA:7,1
DA:8,1
DA:9,1
DA:10,1
DA:11,1
DA:12,1
DA:13,1
DA:14,1
DA:19,1
DA:243,1
DA:259,2
DA:260,2
DA:261,2
DA:262,2
DA:263,2
DA:264,2
DA:265,2
DA:266,2
DA:267,2
DA:268,2
DA:271,0
DA:273,2
DA:277,0
DA:278,0
DA:281,0
DA:282,0
DA:283,0
DA:284,0
DA:285,0
DA:286,0
DA:287,0
DA:288,0
DA:295,0
DA:303,0
DA:304,0
DA:306,0
DA:307,0
DA:308,0
DA:309,0
DA:314,0
DA:315,0
DA:317,0
DA:318,0
DA:319,0
DA:320,0
DA:325,0
DA:326,0
DA:328,0
DA:329,0
DA:330,0
DA:331,0
DA:336,0
DA:337,0
DA:339,0
DA:340,0
DA:341,0
DA:342,0
DA:347,0
DA:348,0
DA:350,0
DA:351,0
DA:352,0
DA:353,0
DA:358,0
DA:359,0
DA:361,0
DA:362,0
DA:363,0
DA:364,0
DA:369,0
DA:372,0
DA:373,0
DA:376,0
DA:377,0
DA:378,0
DA:379,0
DA:383,0
DA:384,0
DA:385,0
DA:386,0
DA:387,0
DA:394,0
DA:400,0
DA:404,0
DA:405,0
DA:406,0
DA:407,0
DA:408,0
DA:410,0
DA:413,0
DA:417,0
DA:418,0
DA:419,0
DA:423,0
DA:424,0
DA:425,0
DA:426,0
DA:427,0
DA:428,0
DA:429,0
DA:430,0
DA:431,0
DA:438,0
DA:444,0
DA:448,0
DA:449,0
DA:450,0
DA:453,0
DA:454,0
DA:455,0
DA:456,0
DA:457,0
DA:458,0
DA:459,0
DA:460,0
DA:461,0
DA:468,0
DA:474,0
DA:478,0
DA:479,0
DA:480,0
DA:483,0
DA:484,0
DA:485,0
DA:486,0
DA:487,0
DA:488,0
DA:489,0
DA:490,0
DA:491,0
DA:498,0
DA:504,0
DA:509,0
DA:510,0
DA:511,0
DA:512,0
DA:513,0
DA:514,0
DA:517,0
DA:519,0
DA:523,0
DA:524,0
DA:525,0
DA:526,0
DA:527,0
DA:528,0
DA:529,0
DA:532,0
DA:539,0
DA:541,0
DA:549,1
DA:550,1
LF:157
LH:28
BRDA:263,0,0,2
BRDA:263,0,1,0
BRDA:263,1,0,2
BRDA:263,1,1,2
BRDA:284,2,0,0
BRDA:284,2,1,0
BRDA:284,3,0,0
BRDA:284,3,1,0
BRDA:303,4,0,0
BRDA:303,4,1,0
BRDA:314,5,0,0
BRDA:314,5,1,0
BRDA:325,6,0,0
BRDA:325,6,1,0
BRDA:336,7,0,0
BRDA:336,7,1,0
BRDA:347,8,0,0
BRDA:347,8,1,0
BRDA:358,9,0,0
BRDA:358,9,1,0
BRDA:384,10,0,0
BRDA:384,10,1,0
BRDA:384,11,0,0
BRDA:384,11,1,0
BRDA:404,12,0,0
BRDA:404,12,1,0
BRDA:406,13,0,0
BRDA:406,13,1,0
BRDA:406,14,0,0
BRDA:406,14,1,0
BRDA:427,15,0,0
BRDA:427,15,1,0
BRDA:427,16,0,0
BRDA:427,16,1,0
BRDA:457,17,0,0
BRDA:457,17,1,0
BRDA:457,18,0,0
BRDA:457,18,1,0
BRDA:487,19,0,0
BRDA:487,19,1,0
BRDA:487,20,0,0
BRDA:487,20,1,0
BRDA:513,21,0,0
BRDA:513,21,1,0
BRDA:513,22,0,0
BRDA:513,22,1,0
BRDA:526,23,0,0
BRDA:526,23,1,0
BRDA:528,24,0,0
BRDA:528,24,1,0
BRDA:549,25,0,1
BRDA:549,25,1,0
BRDA:549,26,0,1
BRDA:549,26,1,0
BRF:54
BRH:5
end_of_record
TN:
SF:/Users/austin/Enyata/volley-frontend/src/views/Search/Search.vue
FN:29,(anonymous_1)
FN:64,(anonymous_2)
FN:89,(anonymous_3)
FN:93,(anonymous_4)
FN:113,(anonymous_5)
FN:130,(anonymous_6)
FN:141,(anonymous_7)
FN:157,(anonymous_8)
FN:161,(anonymous_9)
FN:164,(anonymous_10)
FN:182,(anonymous_11)
FN:185,(anonymous_12)
FN:190,(anonymous_13)
FN:200,(anonymous_14)
FN:203,(anonymous_15)
FN:206,(anonymous_16)
FN:209,(anonymous_17)
FN:223,(anonymous_18)
FN:239,(anonymous_19)
FN:243,(anonymous_20)
FNF:20
FNH:5
FNDA:4,(anonymous_1)
FNDA:4,(anonymous_2)
FNDA:0,(anonymous_3)
FNDA:0,(anonymous_4)
FNDA:0,(anonymous_5)
FNDA:0,(anonymous_6)
FNDA:0,(anonymous_7)
FNDA:0,(anonymous_8)
FNDA:0,(anonymous_9)
FNDA:0,(anonymous_10)
FNDA:0,(anonymous_11)
FNDA:0,(anonymous_12)
FNDA:0,(anonymous_13)
FNDA:0,(anonymous_14)
FNDA:0,(anonymous_15)
FNDA:0,(anonymous_16)
FNDA:1,(anonymous_17)
FNDA:4,(anonymous_18)
FNDA:0,(anonymous_19)
FNDA:4,(anonymous_20)
DA:1,1
DA:2,1
DA:3,1
DA:4,1
DA:5,1
DA:6,1
DA:7,1
DA:8,1
DA:9,1
DA:10,1
DA:11,1
DA:12,1
DA:13,1
DA:30,4
DA:65,4
DA:66,4
DA:67,4
DA:68,0
DA:69,0
DA:72,0
DA:73,0
DA:75,0
DA:76,0
DA:80,4
DA:86,4
DA:90,0
DA:91,0
DA:94,0
DA:96,0
DA:97,0
DA:99,0
DA:100,0
DA:101,0
DA:103,0
DA:104,0
DA:107,0
DA:110,0
DA:114,0
DA:115,0
DA:120,0
DA:122,0
DA:123,0
DA:128,0
DA:130,0
DA:131,0
DA:132,0
DA:133,0
DA:135,0
DA:137,0
DA:138,0
DA:139,0
DA:142,0
DA:143,0
DA:144,0
DA:145,0
DA:146,0
DA:148,0
DA:154,0
DA:158,0
DA:162,0
DA:165,0
DA:166,0
DA:167,0
DA:168,0
DA:169,0
DA:170,0
DA:171,0
DA:173,0
DA:179,0
DA:183,0
DA:186,0
DA:187,0
DA:188,0
DA:191,0
DA:193,0
DA:194,0
DA:195,0
DA:197,0
DA:201,0
DA:204,0
DA:207,0
DA:210,1
DA:212,1
DA:213,1
DA:215,0
DA:216,0
DA:224,4
DA:225,4
DA:226,0
DA:227,4
DA:228,4
DA:230,0
DA:240,0
DA:244,4
LF:94
LH:27
BRDA:68,0,0,0
BRDA:68,0,1,0
BRDA:68,1,0,0
BRDA:68,1,1,0
BRDA:72,2,0,0
BRDA:72,2,1,0
BRDA:75,3,0,0
BRDA:75,3,1,0
BRDA:114,4,0,0
BRDA:114,4,1,0
BRDA:122,5,0,0
BRDA:122,5,1,0
BRDA:194,6,0,0
BRDA:194,6,1,0
BRDA:211,7,0,1
BRDA:211,7,1,0
BRDA:224,8,0,4
BRDA:224,8,1,8
BRDA:225,9,0,0
BRDA:225,9,1,4
BRDA:227,10,0,4
BRDA:227,10,1,0
BRDA:227,11,0,4
BRDA:227,11,1,4
BRF:24
BRH:7
end_of_record
TN:
SF:/Users/austin/Enyata/volley-frontend/src/views/SearchItem/SearchItem.vue
FN:20,(anonymous_1)
FN:38,(anonymous_2)
FN:42,(anonymous_3)
FN:55,(anonymous_4)
FN:58,(anonymous_5)
FN:63,(anonymous_6)
FN:74,(anonymous_7)
FN:100,(anonymous_8)
FN:113,(anonymous_9)
FN:132,(anonymous_10)
FN:146,(anonymous_11)
FN:162,(anonymous_12)
FN:184,(anonymous_13)
FN:187,(anonymous_14)
FN:190,(anonymous_15)
FN:193,(anonymous_16)
FN:201,(anonymous_17)
FN:205,(anonymous_18)
FN:207,(anonymous_19)
FN:218,(anonymous_20)
FN:225,(anonymous_21)
FN:230,(anonymous_22)
FN:233,(anonymous_23)
FN:240,(anonymous_24)
FNF:24
FNH:0
FNDA:0,(anonymous_1)
FNDA:0,(anonymous_2)
FNDA:0,(anonymous_3)
FNDA:0,(anonymous_4)
FNDA:0,(anonymous_5)
FNDA:0,(anonymous_6)
FNDA:0,(anonymous_7)
FNDA:0,(anonymous_8)
FNDA:0,(anonymous_9)
FNDA:0,(anonymous_10)
FNDA:0,(anonymous_11)
FNDA:0,(anonymous_12)
FNDA:0,(anonymous_13)
FNDA:0,(anonymous_14)
FNDA:0,(anonymous_15)
FNDA:0,(anonymous_16)
FNDA:0,(anonymous_17)
FNDA:0,(anonymous_18)
FNDA:0,(anonymous_19)
FNDA:0,(anonymous_20)
FNDA:0,(anonymous_21)
FNDA:0,(anonymous_22)
FNDA:0,(anonymous_23)
FNDA:0,(anonymous_24)
DA:2,0
DA:3,0
DA:4,0
DA:5,0
DA:6,0
DA:7,0
DA:8,0
DA:21,0
DA:39,0
DA:43,0
DA:44,0
DA:45,0
DA:46,0
DA:56,0
DA:59,0
DA:64,0
DA:65,0
DA:66,0
DA:67,0
DA:68,0
DA:69,0
DA:70,0
DA:74,0
DA:75,0
DA:76,0
DA:79,0
DA:101,0
DA:102,0
DA:103,0
DA:104,0
DA:105,0
DA:108,0
DA:110,0
DA:114,0
DA:122,0
DA:123,0
DA:124,0
DA:125,0
DA:126,0
DA:133,0
DA:136,0
DA:137,0
DA:138,0
DA:139,0
DA:140,0
DA:147,0
DA:148,0
DA:149,0
DA:150,0
DA:151,0
DA:152,0
DA:153,0
DA:157,0
DA:159,0
DA:163,0
DA:164,0
DA:165,0
DA:169,0
DA:170,0
DA:176,0
DA:185,0
DA:186,0
DA:187,0
DA:191,0
DA:192,0
DA:193,0
DA:194,0
DA:202,0
DA:203,0
DA:206,0
DA:207,0
DA:209,0
DA:210,0
DA:211,0
DA:213,0
DA:220,0
DA:227,0
DA:231,0
DA:234,0
DA:238,0
DA:241,0
DA:242,0
DA:243,0
LF:83
LH:0
BRDA:39,0,0,0
BRDA:39,0,1,0
BRDA:66,1,0,0
BRDA:66,1,1,0
BRDA:68,2,0,0
BRDA:68,2,1,0
BRDA:68,3,0,0
BRDA:68,3,1,0
BRDA:75,4,0,0
BRDA:75,4,1,0
BRDA:104,5,0,0
BRDA:104,5,1,0
BRDA:104,6,0,0
BRDA:104,6,1,0
BRDA:150,7,0,0
BRDA:150,7,1,0
BRDA:150,8,0,0
BRDA:150,8,1,0
BRDA:151,9,0,0
BRDA:151,9,1,0
BRDA:187,10,0,0
BRDA:187,10,1,0
BRDA:194,11,0,0
BRDA:194,11,1,0
BRDA:209,12,0,0
BRDA:209,12,1,0
BRF:26
BRH:0
end_of_record
TN:
SF:/Users/austin/Enyata/volley-frontend/src/views/SearchResult/SearchResult.vue
FN:19,(anonymous_1)
FN:40,(anonymous_2)
FN:62,(anonymous_3)
FN:64,(anonymous_4)
FN:65,(anonymous_5)
FN:72,(anonymous_6)
FN:75,(anonymous_7)
FN:80,(anonymous_8)
FN:90,(anonymous_9)
FN:94,(anonymous_10)
FN:102,(anonymous_11)
FN:105,(anonymous_12)
FN:112,(anonymous_13)
FN:122,(anonymous_14)
FN:161,(anonymous_15)
FN:165,(anonymous_16)
FN:180,(anonymous_17)
FN:193,(anonymous_18)
FN:209,(anonymous_19)
FN:230,(anonymous_20)
FN:233,(anonymous_21)
FN:246,(anonymous_22)
FN:250,(anonymous_23)
FN:256,(anonymous_24)
FN:260,(anonymous_25)
FN:264,(anonymous_26)
FN:275,(anonymous_27)
FN:284,(anonymous_28)
FN:292,(anonymous_29)
FN:302,(anonymous_30)
FN:309,(anonymous_31)
FN:328,(anonymous_32)
FNF:32
FNH:0
FNDA:0,(anonymous_1)
FNDA:0,(anonymous_2)
FNDA:0,(anonymous_3)
FNDA:0,(anonymous_4)
FNDA:0,(anonymous_5)
FNDA:0,(anonymous_6)
FNDA:0,(anonymous_7)
FNDA:0,(anonymous_8)
FNDA:0,(anonymous_9)
FNDA:0,(anonymous_10)
FNDA:0,(anonymous_11)
FNDA:0,(anonymous_12)
FNDA:0,(anonymous_13)
FNDA:0,(anonymous_14)
FNDA:0,(anonymous_15)
FNDA:0,(anonymous_16)
FNDA:0,(anonymous_17)
FNDA:0,(anonymous_18)
FNDA:0,(anonymous_19)
FNDA:0,(anonymous_20)
FNDA:0,(anonymous_21)
FNDA:0,(anonymous_22)
FNDA:0,(anonymous_23)
FNDA:0,(anonymous_24)
FNDA:0,(anonymous_25)
FNDA:0,(anonymous_26)
FNDA:0,(anonymous_27)
FNDA:0,(anonymous_28)
FNDA:0,(anonymous_29)
FNDA:0,(anonymous_30)
FNDA:0,(anonymous_31)
FNDA:0,(anonymous_32)
DA:1,0
DA:2,0
DA:3,0
DA:4,0
DA:5,0
DA:6,0
DA:7,0
DA:8,0
DA:20,0
DA:41,0
DA:42,0
DA:43,0
DA:44,0
DA:45,0
DA:46,0
DA:47,0
DA:49,0
DA:51,0
DA:52,0
DA:53,0
DA:63,0
DA:64,0
DA:65,0
DA:73,0
DA:76,0
DA:81,0
DA:82,0
DA:83,0
DA:85,0
DA:91,0
DA:92,0
DA:94,0
DA:95,0
DA:96,0
DA:98,0
DA:103,0
DA:104,0
DA:105,0
DA:106,0
DA:107,0
DA:109,0
DA:113,0
DA:114,0
DA:115,0
DA:116,0
DA:117,0
DA:120,0
DA:123,0
DA:127,0
DA:128,0
DA:129,0
DA:130,0
DA:131,0
DA:134,0
DA:135,0
DA:136,0
DA:140,0
DA:162,0
DA:163,0
DA:166,0
DA:167,0
DA:168,0
DA:169,0
DA:170,0
DA:177,0
DA:181,0
DA:182,0
DA:183,0
DA:184,0
DA:185,0
DA:188,0
DA:190,0
DA:194,0
DA:195,0
DA:196,0
DA:197,0
DA:198,0
DA:199,0
DA:200,0
DA:204,0
DA:206,0
DA:210,0
DA:211,0
DA:212,0
DA:216,0
DA:217,0
DA:223,0
DA:231,0
DA:234,0
DA:235,0
DA:236,0
DA:237,0
DA:238,0
DA:239,0
DA:241,0
DA:243,0
DA:247,0
DA:248,0
DA:249,0
DA:250,0
DA:253,0
DA:254,0
DA:255,0
DA:256,0
DA:261,0
DA:262,0
DA:263,0
DA:264,0
DA:265,0
DA:272,0
DA:273,0
DA:274,0
DA:275,0
DA:276,0
DA:285,0
DA:289,0
DA:290,0
DA:293,0
DA:294,0
DA:295,0
DA:296,0
DA:298,0
DA:299,0
DA:303,0
DA:304,0
DA:306,0
DA:310,0
DA:318,0
DA:319,0
DA:320,0
DA:321,0
DA:322,0
DA:329,0
DA:332,0
DA:333,0
DA:334,0
DA:335,0
DA:336,0
LF:138
LH:0
BRDA:41,0,0,0
BRDA:41,0,1,0
BRDA:44,1,0,0
BRDA:44,1,1,0
BRDA:44,2,0,0
BRDA:44,2,1,0
BRDA:63,3,0,0
BRDA:63,3,1,0
BRDA:81,4,0,0
BRDA:81,4,1,0
BRDA:95,5,0,0
BRDA:95,5,1,0
BRDA:106,6,0,0
BRDA:106,6,1,0
BRDA:114,7,0,0
BRDA:114,7,1,0
BRDA:116,8,0,0
BRDA:116,8,1,0
BRDA:116,9,0,0
BRDA:116,9,1,0
BRDA:127,10,0,0
BRDA:127,10,1,0
BRDA:129,11,0,0
BRDA:129,11,1,0
BRDA:129,12,0,0
BRDA:129,12,1,0
BRDA:134,13,0,0
BRDA:134,13,1,0
BRDA:134,14,0,0
BRDA:134,14,1,0
BRDA:169,15,0,0
BRDA:169,15,1,0
BRDA:169,16,0,0
BRDA:169,16,1,0
BRDA:184,17,0,0
BRDA:184,17,1,0
BRDA:184,18,0,0
BRDA:184,18,1,0
BRDA:197,19,0,0
BRDA:197,19,1,0
BRDA:197,20,0,0
BRDA:197,20,1,0
BRDA:198,21,0,0
BRDA:198,21,1,0
BRDA:247,22,0,0
BRDA:247,22,1,0
BRDA:250,23,0,0
BRDA:250,23,1,0
BRDA:253,24,0,0
BRDA:253,24,1,0
BRDA:256,25,0,0
BRDA:256,25,1,0
BRDA:261,26,0,0
BRDA:261,26,1,0
BRDA:265,27,0,0
BRDA:265,27,1,0
BRDA:272,28,0,0
BRDA:272,28,1,0
BRDA:276,29,0,0
BRDA:276,29,1,0
BRDA:303,30,0,0
BRDA:303,30,1,0
BRDA:303,31,0,0
BRDA:303,31,1,0
BRF:64
BRH:0
end_of_record
TN:
SF:/Users/austin/Enyata/volley-frontend/src/views/Settings/Settings.vue
FN:18,(anonymous_1)
FN:43,(anonymous_2)
FN:47,(anonymous_3)
FN:52,(anonymous_4)
FN:58,(anonymous_5)
FN:68,(anonymous_6)
FN:71,(anonymous_7)
FN:94,(anonymous_8)
FN:122,(anonymous_9)
FNF:9
FNH:0
FNDA:0,(anonymous_1)
FNDA:0,(anonymous_2)
FNDA:0,(anonymous_3)
FNDA:0,(anonymous_4)
FNDA:0,(anonymous_5)
FNDA:0,(anonymous_6)
FNDA:0,(anonymous_7)
FNDA:0,(anonymous_8)
FNDA:0,(anonymous_9)
DA:1,0
DA:2,0
DA:3,0
DA:4,0
DA:5,0
DA:6,0
DA:7,0
DA:19,0
DA:44,0
DA:48,0
DA:49,0
DA:51,0
DA:52,0
DA:53,0
DA:54,0
DA:59,0
DA:63,0
DA:65,0
DA:69,0
DA:72,0
DA:73,0
DA:74,0
DA:75,0
DA:76,0
DA:81,0
DA:82,0
DA:85,0
DA:91,0
DA:95,0
DA:96,0
DA:97,0
DA:98,0
DA:99,0
DA:102,0
DA:103,0
DA:104,0
DA:106,0
DA:107,0
DA:108,0
DA:112,0
DA:118,0
DA:123,0
DA:124,0
LF:43
LH:0
BRDA:48,0,0,0
BRDA:48,0,1,0
BRDA:59,1,0,0
BRDA:59,1,1,0
BRDA:59,2,0,0
BRDA:59,2,1,0
BRDA:75,3,0,0
BRDA:75,3,1,0
BRDA:75,4,0,0
BRDA:75,4,1,0
BRDA:98,5,0,0
BRDA:98,5,1,0
BRDA:98,6,0,0
BRDA:98,6,1,0
BRDA:102,7,0,0
BRDA:102,7,1,0
BRDA:106,8,0,0
BRDA:106,8,1,0
BRF:18
BRH:0
end_of_record
TN:
SF:/Users/austin/Enyata/volley-frontend/src/views/auth/AdminInvite/AdminInvite.vue
FN:10,(anonymous_1)
FN:21,(anonymous_2)
FN:32,(anonymous_3)
FNF:3
FNH:0
FNDA:0,(anonymous_1)
FNDA:0,(anonymous_2)
FNDA:0,(anonymous_3)
DA:1,0
DA:2,0
DA:3,0
DA:4,0
DA:5,0
DA:6,0
DA:7,0
DA:11,0
DA:22,0
DA:23,0
DA:24,0
DA:33,0
DA:34,0
DA:35,0
DA:36,0
DA:37,0
DA:42,0
DA:43,0
DA:46,0
DA:52,0
LF:20
LH:0
BRDA:23,0,0,0
BRDA:23,0,1,0
BRDA:36,1,0,0
BRDA:36,1,1,0
BRF:4
BRH:0
end_of_record
TN:
SF:/Users/austin/Enyata/volley-frontend/src/views/auth/ForgotPassword/CheckInbox.vue
FNF:0
FNH:0
DA:21,0
LF:1
LH:0
BRF:0
BRH:0
end_of_record
TN:
SF:/Users/austin/Enyata/volley-frontend/src/views/auth/ForgotPassword/ForgotPassword.vue
FN:9,(anonymous_1)
FN:15,(anonymous_2)
FN:22,(anonymous_3)
FNF:3
FNH:0
FNDA:0,(anonymous_1)
FNDA:0,(anonymous_2)
FNDA:0,(anonymous_3)
DA:1,0
DA:2,0
DA:3,0
DA:4,0
DA:5,0
DA:6,0
DA:10,0
DA:23,0
DA:24,0
DA:25,0
DA:26,0
DA:27,0
DA:32,0
DA:33,0
DA:35,0
DA:41,0
DA:47,0
LF:17
LH:0
BRDA:26,0,0,0
BRDA:26,0,1,0
BRF:2
BRH:0
end_of_record
TN:
SF:/Users/austin/Enyata/volley-frontend/src/views/auth/Login/Login.vue
FN:10,(anonymous_1)
FN:29,(anonymous_2)
FN:46,(anonymous_3)
FNF:3
FNH:0
FNDA:0,(anonymous_1)
FNDA:0,(anonymous_2)
FNDA:0,(anonymous_3)
DA:1,0
DA:2,0
DA:3,0
DA:4,0
DA:5,0
DA:6,0
DA:7,0
DA:11,0
DA:30,0
DA:31,0
DA:32,0
DA:33,0
DA:35,0
DA:37,0
DA:39,0
DA:47,0
DA:48,0
DA:49,0
DA:50,0
DA:51,0
DA:52,0
DA:55,0
DA:56,0
DA:58,0
DA:61,0
DA:63,0
DA:64,0
DA:70,0
LF:28
LH:0
BRDA:32,0,0,0
BRDA:32,0,1,0
BRDA:51,1,0,0
BRDA:51,1,1,0
BRDA:51,2,0,0
BRDA:51,2,1,0
BRDA:55,3,0,0
BRDA:55,3,1,0
BRDA:55,4,0,0
BRDA:55,4,1,0
BRF:10
BRH:0
end_of_record
TN:
SF:/Users/austin/Enyata/volley-frontend/src/views/auth/ResetPassword/ResetPassword.vue
FN:10,(anonymous_1)
FN:19,(anonymous_2)
FN:30,(anonymous_3)
FNF:3
FNH:0
FNDA:0,(anonymous_1)
FNDA:0,(anonymous_2)
FNDA:0,(anonymous_3)
DA:1,0
DA:2,0
DA:3,0
DA:4,0
DA:5,0
DA:6,0
DA:7,0
DA:11,0
DA:20,0
DA:21,0
DA:22,0
DA:31,0
DA:32,0
DA:33,0
DA:34,0
DA:35,0
DA:40,0
DA:41,0
DA:44,0
DA:50,0
LF:20
LH:0
BRDA:21,0,0,0
BRDA:21,0,1,0
BRDA:34,1,0,0
BRDA:34,1,1,0
BRF:4
BRH:0
end_of_record
