TN:
SF:/Users/austin/Enyata/volley-frontend/src/App.vue
FNF:0
FNH:0
DA:8,0
LF:1
LH:0
BRF:0
BRH:0
end_of_record
TN:
SF:/Users/austin/Enyata/volley-frontend/src/components/Frame.vue
FN:3,(anonymous_1)
FN:4,(anonymous_2)
FN:13,(anonymous_3)
FN:18,(anonymous_4)
FNF:4
FNH:0
FNDA:0,(anonymous_1)
FNDA:0,(anonymous_2)
FNDA:0,(anonymous_3)
FNDA:0,(anonymous_4)
DA:4,0
DA:5,0
DA:6,0
DA:8,0
DA:11,0
DA:12,0
DA:13,0
DA:14,0
DA:15,0
DA:19,0
LF:10
LH:0
BRDA:5,0,0,0
BRDA:5,0,1,0
BRDA:5,1,0,0
BRDA:5,1,1,0
BRF:4
BRH:0
end_of_record
TN:
SF:/Users/austin/Enyata/volley-frontend/src/components/Alert/Alert.vue
FN:4,(anonymous_1)
FN:5,(anonymous_3)
FN:6,(anonymous_5)
FN:7,(anonymous_7)
FN:30,(anonymous_9)
FN:33,(anonymous_10)
FN:36,(anonymous_11)
FN:39,(anonymous_12)
FN:46,(anonymous_13)
FNF:9
FNH:0
FNDA:0,(anonymous_1)
FNDA:0,(anonymous_3)
FNDA:0,(anonymous_5)
FNDA:0,(anonymous_7)
FNDA:0,(anonymous_9)
FNDA:0,(anonymous_10)
FNDA:0,(anonymous_11)
FNDA:0,(anonymous_12)
FNDA:0,(anonymous_13)
DA:1,1
DA:2,1
DA:3,1
DA:4,1
DA:5,1
DA:6,1
DA:7,1
DA:31,0
DA:34,0
DA:37,0
DA:40,0
DA:41,0
DA:47,0
LF:13
LH:7
BRDA:31,0,0,0
BRDA:31,0,1,0
BRF:2
BRH:0
end_of_record
TN:
SF:/Users/austin/Enyata/volley-frontend/src/components/Button/Button.vue
FN:6,(anonymous_1)
FN:12,(anonymous_2)
FNF:2
FNH:2
FNDA:14,(anonymous_1)
FNDA:8,(anonymous_2)
DA:7,14
DA:13,8
LF:2
LH:2
BRF:0
BRH:0
end_of_record
TN:
SF:/Users/austin/Enyata/volley-frontend/src/components/Checkbox/Checkbox.vue
FN:32,(anonymous_1)
FN:36,(anonymous_2)
FNF:2
FNH:1
FNDA:5,(anonymous_1)
FNDA:0,(anonymous_2)
DA:3,5
DA:4,5
DA:33,5
DA:34,5
DA:37,0
LF:5
LH:4
BRF:0
BRH:0
end_of_record
TN:
SF:/Users/austin/Enyata/volley-frontend/src/components/DefaultCheckbox/DCheckbox.vue
FNF:0
FNH:0
DA:1,3
DA:2,3
DA:3,3
LF:3
LH:3
BRF:0
BRH:0
end_of_record
TN:
SF:/Users/austin/Enyata/volley-frontend/src/components/DropdownCheckbox/DropdownCheckbox.vue
FN:4,(anonymous_1)
FN:16,(anonymous_2)
FNF:2
FNH:2
FNDA:1,(anonymous_1)
FNDA:1,(anonymous_2)
DA:1,3
DA:5,1
DA:17,1
LF:3
LH:3
BRF:0
BRH:0
end_of_record
TN:
SF:/Users/austin/Enyata/volley-frontend/src/components/Input/InputWrapper/InputWrapper.vue
FN:9,(anonymous_1)
FNF:1
FNH:1
FNDA:33,(anonymous_1)
DA:1,6
DA:2,6
DA:3,6
LF:3
LH:3
BRF:0
BRH:0
end_of_record
TN:
SF:/Users/austin/Enyata/volley-frontend/src/components/Input/TextInput/TextInput.vue
FNF:0
FNH:0
DA:1,6
DA:2,6
LF:2
LH:2
BRF:0
BRH:0
end_of_record
TN:
SF:/Users/austin/Enyata/volley-frontend/src/components/Select/Select.vue
FN:12,(anonymous_1)
FN:37,(anonymous_2)
FN:42,(anonymous_3)
FN:47,(anonymous_4)
FN:50,(anonymous_5)
FN:54,(anonymous_6)
FN:56,(anonymous_7)
FN:63,(anonymous_8)
FN:66,(anonymous_9)
FN:70,(anonymous_10)
FN:76,(anonymous_11)
FN:80,(anonymous_12)
FN:85,(anonymous_13)
FN:88,(anonymous_14)
FN:89,(anonymous_15)
FN:91,(anonymous_16)
FN:92,(anonymous_17)
FNF:17
FNH:8
FNDA:1,(anonymous_1)
FNDA:1,(anonymous_2)
FNDA:1,(anonymous_3)
FNDA:1,(anonymous_4)
FNDA:0,(anonymous_5)
FNDA:0,(anonymous_6)
FNDA:0,(anonymous_7)
FNDA:0,(anonymous_8)
FNDA:0,(anonymous_9)
FNDA:0,(anonymous_10)
FNDA:1,(anonymous_11)
FNDA:0,(anonymous_12)
FNDA:1,(anonymous_13)
FNDA:1,(anonymous_14)
FNDA:0,(anonymous_15)
FNDA:1,(anonymous_16)
FNDA:0,(anonymous_17)
DA:1,4
DA:2,4
DA:12,1
DA:37,1
DA:43,1
DA:48,1
DA:51,0
DA:55,0
DA:56,0
DA:58,0
DA:64,0
DA:65,0
DA:66,0
DA:67,0
DA:71,0
DA:72,0
DA:77,1
DA:82,0
DA:83,0
DA:86,1
DA:89,1
DA:92,1
DA:93,0
LF:23
LH:10
BRDA:43,0,0,0
BRDA:43,0,1,1
BRDA:55,1,0,0
BRDA:55,1,1,0
BRDA:64,2,0,0
BRDA:64,2,1,0
BRDA:66,3,0,0
BRDA:66,3,1,0
BRDA:67,4,0,0
BRDA:67,4,1,0
BRDA:71,5,0,0
BRDA:71,5,1,0
BRDA:82,6,0,0
BRDA:82,6,1,0
BRF:14
BRH:1
end_of_record
TN:
SF:/Users/austin/Enyata/volley-frontend/src/components/Tag/Tag.vue
FN:9,(anonymous_1)
FN:14,(anonymous_2)
FNF:2
FNH:1
FNDA:0,(anonymous_1)
FNDA:1,(anonymous_2)
DA:10,0
DA:15,1
LF:2
LH:1
BRF:0
BRH:0
end_of_record
TN:
SF:/Users/austin/Enyata/volley-frontend/src/components/ToggleDropdown/ToggleDropdown.vue
FN:3,(anonymous_1)
FN:9,(anonymous_2)
FN:14,(anonymous_3)
FN:15,(anonymous_4)
FN:18,(anonymous_5)
FN:19,(anonymous_6)
FN:26,(anonymous_7)
FN:27,(anonymous_8)
FNF:8
FNH:2
FNDA:1,(anonymous_1)
FNDA:1,(anonymous_2)
FNDA:0,(anonymous_3)
FNDA:0,(anonymous_4)
FNDA:0,(anonymous_5)
FNDA:0,(anonymous_6)
FNDA:0,(anonymous_7)
FNDA:0,(anonymous_8)
DA:4,1
DA:10,1
DA:15,0
DA:16,0
DA:17,0
DA:18,0
DA:19,0
DA:20,0
DA:24,0
DA:25,0
DA:26,0
DA:27,0
DA:28,0
DA:31,0
LF:14
LH:2
BRDA:17,0,0,0
BRDA:17,0,1,0
BRDA:25,1,0,0
BRDA:25,1,1,0
BRF:4
BRH:0
end_of_record
TN:
SF:/Users/austin/Enyata/volley-frontend/src/views/Modal.vue
FN:162,(anonymous_1)
FN:190,(anonymous_2)
FN:199,(anonymous_3)
FN:202,(anonymous_4)
FN:206,(anonymous_5)
FN:238,(anonymous_6)
FN:271,(anonymous_7)
FN:274,(anonymous_8)
FN:277,(anonymous_9)
FN:278,(anonymous_10)
FN:287,(anonymous_11)
FN:293,(anonymous_12)
FN:295,(anonymous_13)
FN:301,(anonymous_14)
FN:311,(anonymous_15)
FN:317,(anonymous_16)
FN:319,(anonymous_17)
FN:325,(anonymous_18)
FNF:18
FNH:16
FNDA:1,(anonymous_1)
FNDA:1,(anonymous_2)
FNDA:3,(anonymous_3)
FNDA:2,(anonymous_4)
FNDA:1,(anonymous_5)
FNDA:1,(anonymous_6)
FNDA:1,(anonymous_7)
FNDA:1,(anonymous_8)
FNDA:1,(anonymous_9)
FNDA:4,(anonymous_10)
FNDA:1,(anonymous_11)
FNDA:1,(anonymous_12)
FNDA:9,(anonymous_13)
FNDA:0,(anonymous_14)
FNDA:1,(anonymous_15)
FNDA:1,(anonymous_16)
FNDA:4,(anonymous_17)
FNDA:0,(anonymous_18)
DA:140,3
DA:141,3
DA:142,3
DA:143,3
DA:144,3
DA:163,1
DA:191,1
DA:192,1
DA:193,1
DA:200,3
DA:203,2
DA:204,2
DA:207,1
DA:208,1
DA:209,1
DA:210,1
DA:211,1
DA:212,0
DA:213,0
DA:214,0
DA:215,0
DA:217,0
DA:223,0
DA:224,0
DA:225,0
DA:226,0
DA:227,0
DA:228,0
DA:229,0
DA:231,0
DA:239,1
DA:240,0
DA:241,0
DA:242,0
DA:243,0
DA:245,0
DA:246,0
DA:247,0
DA:248,0
DA:249,0
DA:251,0
DA:252,0
DA:255,1
DA:256,1
DA:257,0
DA:258,0
DA:260,0
DA:261,0
DA:262,0
DA:263,0
DA:264,0
DA:266,0
DA:267,0
DA:272,1
DA:275,1
DA:278,1
DA:279,4
DA:280,4
DA:282,4
DA:288,1
DA:289,0
DA:290,0
DA:294,1
DA:295,1
DA:296,9
DA:297,9
DA:299,1
DA:301,0
DA:302,0
DA:303,0
DA:304,0
DA:305,0
DA:307,0
DA:308,0
DA:312,1
DA:313,0
DA:314,0
DA:318,1
DA:319,1
DA:320,4
DA:321,4
DA:323,1
DA:325,0
DA:326,0
DA:327,0
DA:328,0
DA:329,0
DA:331,0
DA:332,0
LF:89
LH:38
BRDA:208,0,0,1
BRDA:208,0,1,0
BRDA:211,1,0,0
BRDA:211,1,1,1
BRDA:212,2,0,0
BRDA:212,2,1,0
BRDA:225,3,0,0
BRDA:225,3,1,0
BRDA:226,4,0,0
BRDA:226,4,1,0
BRDA:239,5,0,0
BRDA:239,5,1,1
BRDA:241,6,0,0
BRDA:241,6,1,0
BRDA:242,7,0,0
BRDA:242,7,1,0
BRDA:242,8,0,0
BRDA:242,8,1,0
BRDA:245,9,0,0
BRDA:245,9,1,0
BRDA:245,10,0,0
BRDA:245,10,1,0
BRDA:256,11,0,0
BRDA:256,11,1,1
BRDA:257,12,0,0
BRDA:257,12,1,0
BRDA:257,13,0,0
BRDA:257,13,1,0
BRDA:260,14,0,0
BRDA:260,14,1,0
BRDA:260,15,0,0
BRDA:260,15,1,0
BRDA:279,16,0,4
BRDA:279,16,1,0
BRDA:288,17,0,0
BRDA:288,17,1,1
BRDA:288,18,0,1
BRDA:288,18,1,0
BRDA:294,19,0,1
BRDA:294,19,1,0
BRDA:302,20,0,0
BRDA:302,20,1,0
BRDA:312,21,0,0
BRDA:312,21,1,1
BRDA:312,22,0,1
BRDA:312,22,1,0
BRDA:318,23,0,1
BRDA:318,23,1,0
BRDA:326,24,0,0
BRDA:326,24,1,0
BRF:50
BRH:11
end_of_record
TN:
SF:/Users/austin/Enyata/volley-frontend/src/views/Nav.vue
FN:112,(anonymous_1)
FN:136,(anonymous_2)
FN:139,(anonymous_3)
FN:143,(anonymous_4)
FN:156,(anonymous_5)
FN:165,(anonymous_6)
FN:175,(anonymous_7)
FN:196,(anonymous_8)
FN:197,(anonymous_9)
FN:201,(anonymous_11)
FNF:10
FNH:7
FNDA:5,(anonymous_1)
FNDA:0,(anonymous_2)
FNDA:1,(anonymous_3)
FNDA:5,(anonymous_4)
FNDA:0,(anonymous_5)
FNDA:1,(anonymous_6)
FNDA:0,(anonymous_7)
FNDA:1,(anonymous_8)
FNDA:1,(anonymous_9)
FNDA:1,(anonymous_11)
DA:93,2
DA:94,2
DA:95,2
DA:96,2
DA:97,2
DA:98,2
DA:99,2
DA:100,2
DA:101,2
DA:113,5
DA:137,0
DA:140,1
DA:144,5
DA:145,5
DA:157,0
DA:158,0
DA:159,0
DA:161,0
DA:162,0
DA:166,1
DA:167,1
DA:168,1
DA:169,1
DA:170,1
DA:171,0
DA:172,0
DA:173,0
DA:174,0
DA:175,0
DA:176,0
DA:178,0
DA:179,0
DA:181,1
DA:187,0
DA:193,1
DA:197,1
DA:202,1
LF:37
LH:22
BRDA:157,0,0,0
BRDA:157,0,1,0
BRDA:170,1,0,0
BRDA:170,1,1,1
BRDA:174,2,0,0
BRDA:174,2,1,0
BRDA:197,3,0,0
BRDA:197,3,1,1
BRF:8
BRH:2
end_of_record
TN:
SF:/Users/austin/Enyata/volley-frontend/src/views/Search/Search.vue
FN:19,(anonymous_1)
FN:78,(anonymous_2)
FN:81,(anonymous_3)
FN:107,(anonymous_4)
FN:140,(anonymous_5)
FN:143,(anonymous_6)
FN:146,(anonymous_7)
FN:171,(anonymous_8)
FN:172,(anonymous_9)
FN:181,(anonymous_10)
FN:187,(anonymous_11)
FN:189,(anonymous_12)
FN:195,(anonymous_13)
FN:205,(anonymous_14)
FN:211,(anonymous_15)
FN:213,(anonymous_16)
FN:219,(anonymous_17)
FN:231,(anonymous_18)
FNF:18
FNH:15
FNDA:2,(anonymous_1)
FNDA:1,(anonymous_2)
FNDA:1,(anonymous_3)
FNDA:1,(anonymous_4)
FNDA:1,(anonymous_5)
FNDA:1,(anonymous_6)
FNDA:1,(anonymous_7)
FNDA:1,(anonymous_8)
FNDA:4,(anonymous_9)
FNDA:1,(anonymous_10)
FNDA:1,(anonymous_11)
FNDA:9,(anonymous_12)
FNDA:0,(anonymous_13)
FNDA:1,(anonymous_14)
FNDA:1,(anonymous_15)
FNDA:4,(anonymous_16)
FNDA:0,(anonymous_17)
FNDA:0,(anonymous_18)
DA:1,3
DA:2,3
DA:3,3
DA:4,3
DA:5,3
DA:6,3
DA:7,3
DA:8,3
DA:20,2
DA:79,1
DA:82,1
DA:83,1
DA:84,1
DA:85,1
DA:86,1
DA:87,0
DA:88,0
DA:89,0
DA:90,0
DA:92,0
DA:95,0
DA:96,0
DA:97,0
DA:98,0
DA:99,0
DA:100,0
DA:101,0
DA:103,0
DA:108,1
DA:109,0
DA:110,0
DA:111,0
DA:112,0
DA:114,0
DA:115,0
DA:116,0
DA:117,0
DA:118,0
DA:120,0
DA:121,0
DA:124,1
DA:125,1
DA:126,0
DA:127,0
DA:129,0
DA:130,0
DA:131,0
DA:132,0
DA:133,0
DA:135,0
DA:136,0
DA:141,1
DA:144,1
DA:147,1
DA:148,1
DA:149,1
DA:150,1
DA:151,0
DA:152,0
DA:153,0
DA:154,0
DA:156,1
DA:162,0
DA:168,1
DA:172,1
DA:173,4
DA:174,4
DA:176,4
DA:182,1
DA:183,0
DA:184,0
DA:188,1
DA:189,1
DA:190,9
DA:191,9
DA:193,1
DA:195,0
DA:196,0
DA:197,0
DA:198,0
DA:199,0
DA:201,0
DA:202,0
DA:206,1
DA:207,0
DA:208,0
DA:212,1
DA:213,1
DA:214,4
DA:215,4
DA:217,1
DA:219,0
DA:220,0
DA:221,0
DA:222,0
DA:223,0
DA:225,0
DA:226,0
DA:232,0
LF:99
LH:42
BRDA:83,0,0,1
BRDA:83,0,1,0
BRDA:86,1,0,0
BRDA:86,1,1,1
BRDA:87,2,0,0
BRDA:87,2,1,0
BRDA:97,3,0,0
BRDA:97,3,1,0
BRDA:98,4,0,0
BRDA:98,4,1,0
BRDA:108,5,0,0
BRDA:108,5,1,1
BRDA:110,6,0,0
BRDA:110,6,1,0
BRDA:111,7,0,0
BRDA:111,7,1,0
BRDA:111,8,0,0
BRDA:111,8,1,0
BRDA:114,9,0,0
BRDA:114,9,1,0
BRDA:114,10,0,0
BRDA:114,10,1,0
BRDA:125,11,0,0
BRDA:125,11,1,1
BRDA:126,12,0,0
BRDA:126,12,1,0
BRDA:126,13,0,0
BRDA:126,13,1,0
BRDA:129,14,0,0
BRDA:129,14,1,0
BRDA:129,15,0,0
BRDA:129,15,1,0
BRDA:150,16,0,0
BRDA:150,16,1,1
BRDA:173,17,0,4
BRDA:173,17,1,0
BRDA:182,18,0,0
BRDA:182,18,1,1
BRDA:182,19,0,1
BRDA:182,19,1,0
BRDA:188,20,0,1
BRDA:188,20,1,0
BRDA:196,21,0,0
BRDA:196,21,1,0
BRDA:206,22,0,0
BRDA:206,22,1,1
BRDA:206,23,0,1
BRDA:206,23,1,0
BRDA:212,24,0,1
BRDA:212,24,1,0
BRDA:220,25,0,0
BRDA:220,25,1,0
BRF:52
BRH:12
end_of_record
TN:
SF:/Users/austin/Enyata/volley-frontend/src/views/SearchItem/SearchItem.vue
FN:20,(anonymous_1)
FN:36,(anonymous_2)
FN:46,(anonymous_3)
FN:61,(anonymous_4)
FN:71,(anonymous_5)
FN:74,(anonymous_6)
FN:79,(anonymous_7)
FN:90,(anonymous_8)
FN:111,(anonymous_9)
FN:113,(anonymous_10)
FN:154,(anonymous_11)
FN:157,(anonymous_12)
FN:160,(anonymous_13)
FN:163,(anonymous_14)
FN:171,(anonymous_15)
FN:175,(anonymous_16)
FN:177,(anonymous_17)
FN:190,(anonymous_18)
FN:197,(anonymous_19)
FN:202,(anonymous_20)
FN:205,(anonymous_21)
FN:213,(anonymous_22)
FNF:22
FNH:0
FNDA:0,(anonymous_1)
FNDA:0,(anonymous_2)
FNDA:0,(anonymous_3)
FNDA:0,(anonymous_4)
FNDA:0,(anonymous_5)
FNDA:0,(anonymous_6)
FNDA:0,(anonymous_7)
FNDA:0,(anonymous_8)
FNDA:0,(anonymous_9)
FNDA:0,(anonymous_10)
FNDA:0,(anonymous_11)
FNDA:0,(anonymous_12)
FNDA:0,(anonymous_13)
FNDA:0,(anonymous_14)
FNDA:0,(anonymous_15)
FNDA:0,(anonymous_16)
FNDA:0,(anonymous_17)
FNDA:0,(anonymous_18)
FNDA:0,(anonymous_19)
FNDA:0,(anonymous_20)
FNDA:0,(anonymous_21)
FNDA:0,(anonymous_22)
DA:1,2
DA:2,2
DA:3,2
DA:4,2
DA:5,2
DA:6,2
DA:7,2
DA:8,2
DA:21,0
DA:37,0
DA:47,0
DA:48,0
DA:49,0
DA:50,0
DA:51,0
DA:62,0
DA:63,0
DA:64,0
DA:65,0
DA:66,0
DA:67,0
DA:72,0
DA:75,0
DA:80,0
DA:81,0
DA:82,0
DA:83,0
DA:84,0
DA:85,0
DA:86,0
DA:90,0
DA:91,0
DA:92,0
DA:95,0
DA:112,0
DA:113,0
DA:114,0
DA:115,0
DA:116,0
DA:117,0
DA:118,0
DA:119,0
DA:120,0
DA:121,0
DA:122,0
DA:126,0
DA:130,0
DA:131,0
DA:132,0
DA:133,0
DA:134,0
DA:136,0
DA:142,0
DA:148,0
DA:155,0
DA:156,0
DA:157,0
DA:161,0
DA:162,0
DA:163,0
DA:164,0
DA:172,0
DA:173,0
DA:176,0
DA:177,0
DA:179,0
DA:180,0
DA:181,0
DA:182,0
DA:183,0
DA:185,0
DA:192,0
DA:199,0
DA:203,0
DA:206,0
DA:210,0
DA:211,0
DA:214,0
DA:215,0
DA:216,0
LF:80
LH:8
BRDA:37,0,0,0
BRDA:37,0,1,0
BRDA:82,1,0,0
BRDA:82,1,1,0
BRDA:84,2,0,0
BRDA:84,2,1,0
BRDA:84,3,0,0
BRDA:84,3,1,0
BRDA:91,4,0,0
BRDA:91,4,1,0
BRDA:114,5,0,0
BRDA:114,5,1,0
BRDA:115,6,0,0
BRDA:115,6,1,0
BRDA:120,7,0,0
BRDA:120,7,1,0
BRDA:157,8,0,0
BRDA:157,8,1,0
BRDA:164,9,0,0
BRDA:164,9,1,0
BRDA:179,10,0,0
BRDA:179,10,1,0
BRF:22
BRH:0
end_of_record
TN:
SF:/Users/austin/Enyata/volley-frontend/src/views/SearchResult/SearchResult.vue
FN:19,(anonymous_1)
FN:31,(anonymous_2)
FN:43,(anonymous_3)
FN:46,(anonymous_4)
FN:51,(anonymous_5)
FN:61,(anonymous_6)
FN:76,(anonymous_7)
FN:86,(anonymous_8)
FN:90,(anonymous_9)
FN:111,(anonymous_10)
FN:112,(anonymous_11)
FN:154,(anonymous_12)
FN:158,(anonymous_13)
FN:164,(anonymous_14)
FN:168,(anonymous_15)
FN:172,(anonymous_16)
FN:183,(anonymous_17)
FN:192,(anonymous_18)
FN:200,(anonymous_19)
FNF:19
FNH:4
FNDA:1,(anonymous_1)
FNDA:1,(anonymous_2)
FNDA:1,(anonymous_3)
FNDA:0,(anonymous_4)
FNDA:0,(anonymous_5)
FNDA:0,(anonymous_6)
FNDA:0,(anonymous_7)
FNDA:0,(anonymous_8)
FNDA:0,(anonymous_9)
FNDA:0,(anonymous_10)
FNDA:0,(anonymous_11)
FNDA:0,(anonymous_12)
FNDA:0,(anonymous_13)
FNDA:0,(anonymous_14)
FNDA:0,(anonymous_15)
FNDA:0,(anonymous_16)
FNDA:0,(anonymous_17)
FNDA:0,(anonymous_18)
FNDA:1,(anonymous_19)
DA:1,2
DA:2,2
DA:3,2
DA:4,2
DA:5,2
DA:6,2
DA:7,2
DA:8,2
DA:20,1
DA:32,1
DA:33,0
DA:34,0
DA:44,1
DA:47,0
DA:52,0
DA:53,0
DA:54,0
DA:56,0
DA:62,0
DA:63,0
DA:76,0
DA:77,0
DA:78,0
DA:82,0
DA:87,0
DA:88,0
DA:90,0
DA:91,0
DA:92,0
DA:95,0
DA:112,0
DA:113,0
DA:114,0
DA:115,0
DA:116,0
DA:117,0
DA:118,0
DA:119,0
DA:120,0
DA:121,0
DA:122,0
DA:126,0
DA:130,0
DA:131,0
DA:132,0
DA:133,0
DA:134,0
DA:136,0
DA:142,0
DA:148,0
DA:155,0
DA:156,0
DA:157,0
DA:158,0
DA:161,0
DA:162,0
DA:163,0
DA:164,0
DA:169,0
DA:170,0
DA:171,0
DA:172,0
DA:173,0
DA:180,0
DA:181,0
DA:182,0
DA:183,0
DA:184,0
DA:193,0
DA:197,0
DA:198,0
DA:201,1
DA:202,1
DA:203,1
DA:205,0
DA:207,0
DA:209,0
LF:77
LH:14
BRDA:52,0,0,0
BRDA:52,0,1,0
BRDA:77,1,0,0
BRDA:77,1,1,0
BRDA:91,2,0,0
BRDA:91,2,1,0
BRDA:113,3,0,0
BRDA:113,3,1,0
BRDA:115,4,0,0
BRDA:115,4,1,0
BRDA:120,5,0,0
BRDA:120,5,1,0
BRDA:155,6,0,0
BRDA:155,6,1,0
BRDA:158,7,0,0
BRDA:158,7,1,0
BRDA:161,8,0,0
BRDA:161,8,1,0
BRDA:164,9,0,0
BRDA:164,9,1,0
BRDA:169,10,0,0
BRDA:169,10,1,0
BRDA:173,11,0,0
BRDA:173,11,1,0
BRDA:180,12,0,0
BRDA:180,12,1,0
BRDA:184,13,0,0
BRDA:184,13,1,0
BRF:28
BRH:0
end_of_record
